<?xml version="1.0" encoding="UTF-8"?>
<!-- Generated by org.testng.reporters.JUnitReportReporter -->
<testsuite hostname="ayaansh" failures="0" tests="1" name="TestNG.webTablePaginationWhileLoop" time="9.110" errors="0" timestamp="2024-02-03T10:43:24 IST" skipped="0">
  <testcase classname="TestNG.webTablePaginationWhileLoop" name="test" time="9.110"/>
  <system-out/>
</testsuite> <!-- TestNG.webTablePaginationWhileLoop -->
