<?xml version="1.0" encoding="UTF-8"?>
<!-- Generated by org.testng.reporters.JUnitReportReporter -->
<testsuite hostname="LAPTOP-RH55RME4" failures="0" tests="1" name="TestNG.webTablePagination_1" time="7.354" errors="0" timestamp="2023-11-14T14:28:26 IST" skipped="0">
  <testcase classname="TestNG.webTablePagination_1" name="webtables" time="7.354"/>
</testsuite> <!-- TestNG.webTablePagination_1 -->
