<?xml version="1.0" encoding="UTF-8"?>
<!-- Generated by org.testng.reporters.JUnitReportReporter -->
<testsuite hostname="LAPTOP-RH55RME4" failures="0" tests="1" name="TestNG.SQL_JDBC" time="0.617" errors="0" timestamp="2023-10-12T16:33:43 IST" skipped="0">
  <testcase classname="TestNG.SQL_JDBC" name="login" time="0.617"/>
</testsuite> <!-- TestNG.SQL_JDBC -->
