<?xml version="1.0" encoding="UTF-8"?>
<!-- Generated by org.testng.reporters.JUnitReportReporter -->
<testsuite hostname="LAPTOP-RH55RME4" failures="0" tests="3" name="TestNG.TestClass3" time="0.099" errors="0" timestamp="2023-09-05T13:52:37 IST" skipped="0">
  <testcase classname="TestNG.TestClass3" name="TestMethod8" time="0.017"/>
  <testcase classname="TestNG.TestClass3" name="TestMethod7" time="0.016"/>
  <testcase classname="TestNG.TestClass3" name="TestMethod9" time="0.066"/>
</testsuite> <!-- TestNG.TestClass3 -->
