<?xml version="1.0" encoding="UTF-8"?>
<!-- Generated by org.testng.reporters.JUnitReportReporter -->
<testsuite hostname="ayaansh" failures="0" tests="6" name="TestNG.DataProvider_String_Integer_Object" time="0.026" errors="0" timestamp="2024-02-10T21:33:01 IST" skipped="0">
  <testcase classname="TestNG.DataProvider_String_Integer_Object" name="LoginPage" time="0.002"/>
  <system-out/>
  <testcase classname="TestNG.DataProvider_String_Integer_Object" name="LoginPage" time="0.003"/>
  <system-out/>
  <testcase classname="TestNG.DataProvider_String_Integer_Object" name="LoginPage" time="0.005"/>
  <system-out/>
  <testcase classname="TestNG.DataProvider_String_Integer_Object" name="log" time="0.003"/>
  <system-out/>
  <testcase classname="TestNG.DataProvider_String_Integer_Object" name="LoginPage" time="0.003"/>
  <system-out/>
  <testcase classname="TestNG.DataProvider_String_Integer_Object" name="LoginPage" time="0.010"/>
  <system-out/>
</testsuite> <!-- TestNG.DataProvider_String_Integer_Object -->
