<?xml version="1.0" encoding="UTF-8"?>
<!-- Generated by org.testng.reporters.JUnitReportReporter -->
<testsuite hostname="LAPTOP-RH55RME4" failures="0" tests="2" name="TestNG.DataProvider_Partially_UsingIndices" time="0.014" errors="0" timestamp="2023-09-04T22:26:53 IST" skipped="0">
  <testcase classname="TestNG.DataProvider_Partially_UsingIndices" name="LoginPage" time="0.003"/>
  <testcase classname="TestNG.DataProvider_Partially_UsingIndices" name="LoginPage" time="0.011"/>
</testsuite> <!-- TestNG.DataProvider_Partially_UsingIndices -->
