<?xml version="1.0" encoding="UTF-8"?>
<!-- Generated by org.testng.reporters.JUnitReportReporter -->
<testsuite hostname="LAPTOP-RH55RME4" failures="0" tests="3" name="TestNG.TestClass4" time="0.041" errors="0" timestamp="2023-09-05T13:47:33 IST" skipped="0">
  <testcase classname="TestNG.TestClass4" name="TestMethod12" time="0.005"/>
  <testcase classname="TestNG.TestClass4" name="TestMethod11" time="0.009"/>
  <testcase classname="TestNG.TestClass4" name="TestMethod10" time="0.027"/>
</testsuite> <!-- TestNG.TestClass4 -->
