<?xml version="1.0" encoding="UTF-8"?>
<!-- Generated by org.testng.reporters.JUnitReportReporter -->
<testsuite hostname="LAPTOP-RH55RME4" failures="0" tests="3" name="TestNG.TestClass1" time="0.088" errors="0" timestamp="2023-09-05T13:52:37 IST" skipped="0">
  <testcase classname="TestNG.TestClass1" name="TestMethod3" time="0.015"/>
  <testcase classname="TestNG.TestClass1" name="TestMethod1" time="0.016"/>
  <testcase classname="TestNG.TestClass1" name="TestMethod2" time="0.057"/>
</testsuite> <!-- TestNG.TestClass1 -->
